<?xml version="1.0" encoding="UTF-8"?>
<coverage generated="1722009309388" clover="3.2.0">
  <project timestamp="1722009309389" name="All files">
    <metrics statements="123" coveredstatements="113" conditionals="22" coveredconditionals="11" methods="33" coveredmethods="25" elements="178" coveredelements="149" complexity="0" loc="123" ncloc="123" packages="9" files="9" classes="9"/>
    <package name="components.App">
      <metrics statements="17" coveredstatements="14" conditionals="0" coveredconditionals="0" methods="3" coveredmethods="1"/>
      <file name="App.tsx" path="C:\Users\Lenovo\OneDrive\Stage 3\stage-3-react (LAST)\src\components\App\App.tsx">
        <metrics statements="17" coveredstatements="14" conditionals="0" coveredconditionals="0" methods="3" coveredmethods="1"/>
        <line num="1" count="1" type="stmt"/>
        <line num="2" count="1" type="stmt"/>
        <line num="3" count="1" type="stmt"/>
        <line num="4" count="1" type="stmt"/>
        <line num="5" count="1" type="stmt"/>
        <line num="6" count="1" type="stmt"/>
        <line num="7" count="1" type="stmt"/>
        <line num="8" count="1" type="stmt"/>
        <line num="15" count="3" type="stmt"/>
        <line num="16" count="3" type="stmt"/>
        <line num="17" count="3" type="stmt"/>
        <line num="18" count="0" type="stmt"/>
        <line num="21" count="3" type="stmt"/>
        <line num="22" count="0" type="stmt"/>
        <line num="23" count="0" type="stmt"/>
        <line num="26" count="3" type="stmt"/>
        <line num="52" count="1" type="stmt"/>
      </file>
    </package>
    <package name="components.Errorboundary">
      <metrics statements="9" coveredstatements="9" conditionals="1" coveredconditionals="1" methods="4" coveredmethods="4"/>
      <file name="ErrorBoundary.tsx" path="C:\Users\Lenovo\OneDrive\Stage 3\stage-3-react (LAST)\src\components\Errorboundary\ErrorBoundary.tsx">
        <metrics statements="9" coveredstatements="9" conditionals="1" coveredconditionals="1" methods="4" coveredmethods="4"/>
        <line num="1" count="1" type="stmt"/>
        <line num="5" count="4" type="stmt"/>
        <line num="6" count="3" type="stmt"/>
        <line num="12" count="2" type="stmt"/>
        <line num="16" count="1" type="stmt"/>
        <line num="20" count="5" type="cond" truecount="1" falsecount="0"/>
        <line num="21" count="2" type="stmt"/>
        <line num="30" count="3" type="stmt"/>
        <line num="34" count="1" type="stmt"/>
      </file>
    </package>
    <package name="components.Header">
      <metrics statements="34" coveredstatements="32" conditionals="6" coveredconditionals="3" methods="7" coveredmethods="6"/>
      <file name="Header.tsx" path="C:\Users\Lenovo\OneDrive\Stage 3\stage-3-react (LAST)\src\components\Header\Header.tsx">
        <metrics statements="34" coveredstatements="32" conditionals="6" coveredconditionals="3" methods="7" coveredmethods="6"/>
        <line num="1" count="1" type="stmt"/>
        <line num="2" count="1" type="stmt"/>
        <line num="3" count="1" type="stmt"/>
        <line num="4" count="1" type="stmt"/>
        <line num="5" count="1" type="stmt"/>
        <line num="6" count="1" type="stmt"/>
        <line num="7" count="1" type="stmt"/>
        <line num="13" count="1" type="stmt"/>
        <line num="14" count="10" type="stmt"/>
        <line num="15" count="10" type="stmt"/>
        <line num="16" count="10" type="stmt"/>
        <line num="17" count="10" type="stmt"/>
        <line num="18" count="10" type="stmt"/>
        <line num="20" count="10" type="stmt"/>
        <line num="21" count="3" type="stmt"/>
        <line num="22" count="3" type="stmt"/>
        <line num="23" count="3" type="stmt"/>
        <line num="26" count="10" type="stmt"/>
        <line num="27" count="3" type="stmt"/>
        <line num="30" count="10" type="stmt"/>
        <line num="31" count="4" type="stmt"/>
        <line num="33" count="4" type="cond" truecount="1" falsecount="0"/>
        <line num="34" count="4" type="stmt"/>
        <line num="35" count="4" type="stmt"/>
        <line num="36" count="4" type="stmt"/>
        <line num="40" count="10" type="stmt"/>
        <line num="41" count="4" type="stmt"/>
        <line num="44" count="10" type="stmt"/>
        <line num="45" count="0" type="stmt"/>
        <line num="48" count="10" type="stmt"/>
        <line num="49" count="4" type="cond" truecount="0" falsecount="1"/>
        <line num="50" count="0" type="stmt"/>
        <line num="54" count="10" type="stmt"/>
        <line num="66" count="1" type="stmt"/>
      </file>
    </package>
    <package name="components.InfoCard">
      <metrics statements="8" coveredstatements="6" conditionals="1" coveredconditionals="0" methods="4" coveredmethods="3"/>
      <file name="InfoCard.tsx" path="C:\Users\Lenovo\OneDrive\Stage 3\stage-3-react (LAST)\src\components\InfoCard\InfoCard.tsx">
        <metrics statements="8" coveredstatements="6" conditionals="1" coveredconditionals="0" methods="4" coveredmethods="3"/>
        <line num="6" count="52" type="stmt"/>
        <line num="7" count="52" type="cond" truecount="0" falsecount="1"/>
        <line num="8" count="0" type="stmt"/>
        <line num="9" count="0" type="stmt"/>
        <line num="11" count="52" type="stmt"/>
        <line num="14" count="52" type="stmt"/>
        <line num="17" count="52" type="stmt"/>
        <line num="25" count="1" type="stmt"/>
      </file>
    </package>
    <package name="components.Loader">
      <metrics statements="3" coveredstatements="2" conditionals="0" coveredconditionals="0" methods="1" coveredmethods="0"/>
      <file name="Loader.tsx" path="C:\Users\Lenovo\OneDrive\Stage 3\stage-3-react (LAST)\src\components\Loader\Loader.tsx">
        <metrics statements="3" coveredstatements="2" conditionals="0" coveredconditionals="0" methods="1" coveredmethods="0"/>
        <line num="1" count="1" type="stmt"/>
        <line num="4" count="0" type="stmt"/>
        <line num="11" count="1" type="stmt"/>
      </file>
    </package>
    <package name="components.Main">
      <metrics statements="18" coveredstatements="18" conditionals="8" coveredconditionals="5" methods="5" coveredmethods="4"/>
      <file name="Main.tsx" path="C:\Users\Lenovo\OneDrive\Stage 3\stage-3-react (LAST)\src\components\Main\Main.tsx">
        <metrics statements="18" coveredstatements="18" conditionals="8" coveredconditionals="5" methods="5" coveredmethods="4"/>
        <line num="1" count="1" type="stmt"/>
        <line num="2" count="1" type="stmt"/>
        <line num="3" count="1" type="stmt"/>
        <line num="4" count="1" type="stmt"/>
        <line num="5" count="1" type="stmt"/>
        <line num="17" count="7" type="stmt"/>
        <line num="18" count="7" type="stmt"/>
        <line num="19" count="7" type="stmt"/>
        <line num="20" count="7" type="stmt"/>
        <line num="21" count="7" type="stmt"/>
        <line num="23" count="7" type="stmt"/>
        <line num="25" count="7" type="stmt"/>
        <line num="26" count="7" type="stmt"/>
        <line num="28" count="7" type="stmt"/>
        <line num="34" count="52" type="stmt"/>
        <line num="58" count="1" type="stmt"/>
        <line num="65" count="2" type="stmt"/>
        <line num="76" count="1" type="stmt"/>
      </file>
    </package>
    <package name="components.ThemeSwitcher">
      <metrics statements="3" coveredstatements="3" conditionals="2" coveredconditionals="1" methods="1" coveredmethods="1"/>
      <file name="ThemeSwitcher.tsx" path="C:\Users\Lenovo\OneDrive\Stage 3\stage-3-react (LAST)\src\components\ThemeSwitcher\ThemeSwitcher.tsx">
        <metrics statements="3" coveredstatements="3" conditionals="2" coveredconditionals="1" methods="1" coveredmethods="1"/>
        <line num="6" count="1" type="stmt"/>
        <line num="7" count="7" type="cond" truecount="1" falsecount="1"/>
        <line num="10" count="1" type="stmt"/>
      </file>
    </package>
    <package name="context">
      <metrics statements="12" coveredstatements="10" conditionals="3" coveredconditionals="0" methods="4" coveredmethods="2"/>
      <file name="ThemeContext.tsx" path="C:\Users\Lenovo\OneDrive\Stage 3\stage-3-react (LAST)\src\context\ThemeContext.tsx">
        <metrics statements="12" coveredstatements="10" conditionals="3" coveredconditionals="0" methods="4" coveredmethods="2"/>
        <line num="1" count="2" type="stmt"/>
        <line num="12" count="2" type="stmt"/>
        <line num="14" count="2" type="stmt"/>
        <line num="15" count="10" type="stmt"/>
        <line num="17" count="10" type="cond" truecount="0" falsecount="1"/>
        <line num="18" count="0" type="stmt"/>
        <line num="21" count="10" type="stmt"/>
        <line num="24" count="2" type="stmt"/>
        <line num="25" count="7" type="stmt"/>
        <line num="26" count="7" type="stmt"/>
        <line num="27" count="0" type="cond" truecount="0" falsecount="2"/>
        <line num="29" count="7" type="stmt"/>
      </file>
    </package>
    <package name="hooks">
      <metrics statements="19" coveredstatements="19" conditionals="1" coveredconditionals="1" methods="4" coveredmethods="4"/>
      <file name="useSingleSearch.tsx" path="C:\Users\Lenovo\OneDrive\Stage 3\stage-3-react (LAST)\src\hooks\useSingleSearch.tsx">
        <metrics statements="19" coveredstatements="19" conditionals="1" coveredconditionals="1" methods="4" coveredmethods="4"/>
        <line num="1" count="2" type="stmt"/>
        <line num="5" count="2" type="stmt"/>
        <line num="6" count="14" type="stmt"/>
        <line num="7" count="14" type="stmt"/>
        <line num="8" count="14" type="stmt"/>
        <line num="10" count="14" type="stmt"/>
        <line num="11" count="7" type="cond" truecount="1" falsecount="0"/>
        <line num="12" count="2" type="stmt"/>
        <line num="13" count="2" type="stmt"/>
        <line num="14" count="2" type="stmt"/>
        <line num="15" count="2" type="stmt"/>
        <line num="16" count="2" type="stmt"/>
        <line num="17" count="1" type="stmt"/>
        <line num="18" count="1" type="stmt"/>
        <line num="20" count="1" type="stmt"/>
        <line num="22" count="2" type="stmt"/>
        <line num="26" count="2" type="stmt"/>
        <line num="30" count="14" type="stmt"/>
        <line num="33" count="2" type="stmt"/>
      </file>
    </package>
  </project>
</coverage>
