{"C:\\Users\\Lenovo\\OneDrive\\Stage 3\\stage-3-react (LAST)\\src\\components\\App\\App.tsx": {"path":"C:\\Users\\Lenovo\\OneDrive\\Stage 3\\stage-3-react (LAST)\\src\\components\\App\\App.tsx","statementMap":{"0":{"start":{"line":1,"column":0},"end":{"line":1,"column":33}},"1":{"start":{"line":2,"column":0},"end":{"line":2,"column":64}},"2":{"start":{"line":3,"column":0},"end":{"line":3,"column":19}},"3":{"start":{"line":4,"column":0},"end":{"line":4,"column":42}},"4":{"start":{"line":5,"column":0},"end":{"line":5,"column":36}},"5":{"start":{"line":6,"column":0},"end":{"line":6,"column":48}},"6":{"start":{"line":7,"column":0},"end":{"line":7,"column":63}},"7":{"start":{"line":8,"column":0},"end":{"line":8,"column":58}},"8":{"start":{"line":15,"column":20},"end":{"line":15,"column":30}},"9":{"start":{"line":16,"column":38},"end":{"line":16,"column":60}},"10":{"start":{"line":17,"column":30},"end":{"line":19,"column":3}},"11":{"start":{"line":18,"column":4},"end":{"line":18,"column":33}},"12":{"start":{"line":21,"column":34},"end":{"line":24,"column":3}},"13":{"start":{"line":22,"column":4},"end":{"line":22,"column":54}},"14":{"start":{"line":23,"column":4},"end":{"line":23,"column":61}},"15":{"start":{"line":26,"column":2},"end":{"line":49,"column":4}},"16":{"start":{"line":52,"column":0},"end":{"line":52,"column":19}}},"fnMap":{"0":{"name":"App","decl":{"start":{"line":14,"column":9},"end":{"line":14,"column":12}},"loc":{"start":{"line":14,"column":12},"end":{"line":50,"column":1}}},"1":{"name":"(anonymous_2)","decl":{"start":{"line":17,"column":30},"end":{"line":17,"column":31}},"loc":{"start":{"line":17,"column":58},"end":{"line":19,"column":3}}},"2":{"name":"(anonymous_3)","decl":{"start":{"line":21,"column":34},"end":{"line":21,"column":35}},"loc":{"start":{"line":21,"column":54},"end":{"line":24,"column":3}}}},"branchMap":{},"s":{"0":1,"1":1,"2":1,"3":1,"4":1,"5":1,"6":1,"7":1,"8":3,"9":3,"10":3,"11":0,"12":3,"13":0,"14":0,"15":3,"16":1},"f":{"0":3,"1":0,"2":0},"b":{}}
,"C:\\Users\\Lenovo\\OneDrive\\Stage 3\\stage-3-react (LAST)\\src\\components\\Errorboundary\\ErrorBoundary.tsx": {"path":"C:\\Users\\Lenovo\\OneDrive\\Stage 3\\stage-3-react (LAST)\\src\\components\\Errorboundary\\ErrorBoundary.tsx","statementMap":{"0":{"start":{"line":1,"column":0},"end":{"line":1,"column":34}},"1":{"start":{"line":5,"column":4},"end":{"line":5,"column":17}},"2":{"start":{"line":6,"column":4},"end":{"line":8,"column":6}},"3":{"start":{"line":12,"column":4},"end":{"line":12,"column":30}},"4":{"start":{"line":16,"column":4},"end":{"line":16,"column":53}},"5":{"start":{"line":20,"column":4},"end":{"line":28,"column":5}},"6":{"start":{"line":21,"column":6},"end":{"line":27,"column":8}},"7":{"start":{"line":30,"column":4},"end":{"line":30,"column":31}},"8":{"start":{"line":34,"column":0},"end":{"line":34,"column":29}}},"fnMap":{"0":{"name":"(anonymous_0)","decl":{"start":{"line":4,"column":2},"end":{"line":4,"column":14}},"loc":{"start":{"line":4,"column":51},"end":{"line":9,"column":3}}},"1":{"name":"(anonymous_1)","decl":{"start":{"line":11,"column":2},"end":{"line":11,"column":8}},"loc":{"start":{"line":11,"column":33},"end":{"line":13,"column":3}}},"2":{"name":"(anonymous_2)","decl":{"start":{"line":15,"column":2},"end":{"line":15,"column":19}},"loc":{"start":{"line":15,"column":52},"end":{"line":17,"column":3}}},"3":{"name":"(anonymous_3)","decl":{"start":{"line":19,"column":2},"end":{"line":19,"column":8}},"loc":{"start":{"line":19,"column":8},"end":{"line":31,"column":3}}}},"branchMap":{"0":{"loc":{"start":{"line":20,"column":4},"end":{"line":28,"column":5}},"type":"if","locations":[{"start":{"line":20,"column":4},"end":{"line":28,"column":5}}]}},"s":{"0":1,"1":4,"2":3,"3":2,"4":1,"5":5,"6":2,"7":3,"8":1},"f":{"0":4,"1":2,"2":1,"3":5},"b":{"0":[2]}}
,"C:\\Users\\Lenovo\\OneDrive\\Stage 3\\stage-3-react (LAST)\\src\\components\\Header\\Header.tsx": {"path":"C:\\Users\\Lenovo\\OneDrive\\Stage 3\\stage-3-react (LAST)\\src\\components\\Header\\Header.tsx","statementMap":{"0":{"start":{"line":1,"column":0},"end":{"line":1,"column":60}},"1":{"start":{"line":2,"column":0},"end":{"line":2,"column":38}},"2":{"start":{"line":3,"column":0},"end":{"line":3,"column":22}},"3":{"start":{"line":4,"column":0},"end":{"line":4,"column":59}},"4":{"start":{"line":5,"column":0},"end":{"line":5,"column":54}},"5":{"start":{"line":6,"column":0},"end":{"line":6,"column":58}},"6":{"start":{"line":7,"column":0},"end":{"line":7,"column":46}},"7":{"start":{"line":13,"column":15},"end":{"line":64,"column":1}},"8":{"start":{"line":14,"column":40},"end":{"line":14,"column":52}},"9":{"start":{"line":15,"column":48},"end":{"line":15,"column":78}},"10":{"start":{"line":16,"column":34},"end":{"line":16,"column":49}},"11":{"start":{"line":17,"column":33},"end":{"line":17,"column":43}},"12":{"start":{"line":18,"column":43},"end":{"line":18,"column":73}},"13":{"start":{"line":20,"column":22},"end":{"line":24,"column":3}},"14":{"start":{"line":21,"column":25},"end":{"line":21,"column":43}},"15":{"start":{"line":22,"column":4},"end":{"line":22,"column":37}},"16":{"start":{"line":23,"column":4},"end":{"line":23,"column":36}},"17":{"start":{"line":26,"column":28},"end":{"line":28,"column":3}},"18":{"start":{"line":27,"column":4},"end":{"line":27,"column":39}},"19":{"start":{"line":30,"column":20},"end":{"line":38,"column":3}},"20":{"start":{"line":31,"column":20},"end":{"line":31,"column":72}},"21":{"start":{"line":33,"column":4},"end":{"line":37,"column":5}},"22":{"start":{"line":34,"column":6},"end":{"line":34,"column":38}},"23":{"start":{"line":35,"column":6},"end":{"line":35,"column":38}},"24":{"start":{"line":36,"column":6},"end":{"line":36,"column":41}},"25":{"start":{"line":40,"column":2},"end":{"line":42,"column":9}},"26":{"start":{"line":41,"column":4},"end":{"line":41,"column":16}},"27":{"start":{"line":44,"column":22},"end":{"line":46,"column":3}},"28":{"start":{"line":45,"column":4},"end":{"line":45,"column":22}},"29":{"start":{"line":48,"column":2},"end":{"line":52,"column":17}},"30":{"start":{"line":49,"column":4},"end":{"line":51,"column":5}},"31":{"start":{"line":50,"column":6},"end":{"line":50,"column":39}},"32":{"start":{"line":54,"column":2},"end":{"line":63,"column":4}},"33":{"start":{"line":66,"column":0},"end":{"line":66,"column":22}}},"fnMap":{"0":{"name":"(anonymous_1)","decl":{"start":{"line":13,"column":15},"end":{"line":13,"column":16}},"loc":{"start":{"line":13,"column":56},"end":{"line":64,"column":1}}},"1":{"name":"(anonymous_2)","decl":{"start":{"line":20,"column":22},"end":{"line":20,"column":25}},"loc":{"start":{"line":20,"column":27},"end":{"line":24,"column":3}}},"2":{"name":"(anonymous_3)","decl":{"start":{"line":26,"column":28},"end":{"line":26,"column":29}},"loc":{"start":{"line":26,"column":85},"end":{"line":28,"column":3}}},"3":{"name":"(anonymous_4)","decl":{"start":{"line":30,"column":20},"end":{"line":30,"column":23}},"loc":{"start":{"line":30,"column":25},"end":{"line":38,"column":3}}},"4":{"name":"(anonymous_5)","decl":{"start":{"line":40,"column":12},"end":{"line":40,"column":15}},"loc":{"start":{"line":40,"column":17},"end":{"line":42,"column":3}}},"5":{"name":"(anonymous_6)","decl":{"start":{"line":44,"column":22},"end":{"line":44,"column":25}},"loc":{"start":{"line":44,"column":27},"end":{"line":46,"column":3}}},"6":{"name":"(anonymous_7)","decl":{"start":{"line":48,"column":12},"end":{"line":48,"column":15}},"loc":{"start":{"line":48,"column":17},"end":{"line":52,"column":3}}}},"branchMap":{"0":{"loc":{"start":{"line":33,"column":4},"end":{"line":37,"column":5}},"type":"if","locations":[{"start":{"line":33,"column":4},"end":{"line":37,"column":5}}]},"1":{"loc":{"start":{"line":49,"column":4},"end":{"line":51,"column":5}},"type":"if","locations":[{"start":{"line":49,"column":4},"end":{"line":51,"column":5}}]},"2":{"loc":{"start":{"line":55,"column":35},"end":{"line":55,"column":83}},"type":"cond-expr","locations":[{"start":{"line":55,"column":55},"end":{"line":55,"column":68}},{"start":{"line":55,"column":71},"end":{"line":55,"column":83}}]},"3":{"loc":{"start":{"line":61,"column":7},"end":{"line":61,"column":30}},"type":"binary-expr","locations":[{"start":{"line":61,"column":7},"end":{"line":61,"column":16}},{"start":{"line":61,"column":20},"end":{"line":61,"column":30}}]}},"s":{"0":1,"1":1,"2":1,"3":1,"4":1,"5":1,"6":1,"7":1,"8":10,"9":10,"10":10,"11":10,"12":10,"13":10,"14":3,"15":3,"16":3,"17":10,"18":3,"19":10,"20":4,"21":4,"22":4,"23":4,"24":4,"25":10,"26":4,"27":10,"28":0,"29":10,"30":4,"31":0,"32":10,"33":1},"f":{"0":10,"1":3,"2":3,"3":4,"4":4,"5":0,"6":4},"b":{"0":[4],"1":[0],"2":[10,0],"3":[10,0]}}
,"C:\\Users\\Lenovo\\OneDrive\\Stage 3\\stage-3-react (LAST)\\src\\components\\InfoCard\\InfoCard.tsx": {"path":"C:\\Users\\Lenovo\\OneDrive\\Stage 3\\stage-3-react (LAST)\\src\\components\\InfoCard\\InfoCard.tsx","statementMap":{"0":{"start":{"line":6,"column":21},"end":{"line":12,"column":3}},"1":{"start":{"line":7,"column":4},"end":{"line":10,"column":5}},"2":{"start":{"line":8,"column":24},"end":{"line":8,"column":79}},"3":{"start":{"line":8,"column":51},"end":{"line":8,"column":68}},"4":{"start":{"line":9,"column":6},"end":{"line":9,"column":66}},"5":{"start":{"line":11,"column":4},"end":{"line":11,"column":17}},"6":{"start":{"line":14,"column":2},"end":{"line":22,"column":4}},"7":{"start":{"line":17,"column":8},"end":{"line":17,"column":null}},"8":{"start":{"line":25,"column":0},"end":{"line":25,"column":24}}},"fnMap":{"0":{"name":"InfoCard","decl":{"start":{"line":5,"column":9},"end":{"line":5,"column":17}},"loc":{"start":{"line":5,"column":46},"end":{"line":23,"column":1}}},"1":{"name":"(anonymous_1)","decl":{"start":{"line":6,"column":21},"end":{"line":6,"column":22}},"loc":{"start":{"line":6,"column":50},"end":{"line":12,"column":3}}},"2":{"name":"(anonymous_2)","decl":{"start":{"line":8,"column":34},"end":{"line":8,"column":35}},"loc":{"start":{"line":8,"column":51},"end":{"line":8,"column":68}}},"3":{"name":"(anonymous_3)","decl":{"start":{"line":16,"column":37},"end":{"line":16,"column":38}},"loc":{"start":{"line":17,"column":8},"end":{"line":17,"column":null}}}},"branchMap":{"0":{"loc":{"start":{"line":7,"column":4},"end":{"line":10,"column":5}},"type":"if","locations":[{"start":{"line":7,"column":4},"end":{"line":10,"column":5}}]}},"s":{"0":52,"1":52,"2":0,"3":0,"4":0,"5":52,"6":52,"7":52,"8":1},"f":{"0":52,"1":52,"2":0,"3":52},"b":{"0":[0]}}
,"C:\\Users\\Lenovo\\OneDrive\\Stage 3\\stage-3-react (LAST)\\src\\components\\Loader\\Loader.tsx": {"path":"C:\\Users\\Lenovo\\OneDrive\\Stage 3\\stage-3-react (LAST)\\src\\components\\Loader\\Loader.tsx","statementMap":{"0":{"start":{"line":1,"column":0},"end":{"line":1,"column":22}},"1":{"start":{"line":4,"column":2},"end":{"line":8,"column":4}},"2":{"start":{"line":11,"column":0},"end":{"line":11,"column":22}}},"fnMap":{"0":{"name":"Loader","decl":{"start":{"line":3,"column":9},"end":{"line":3,"column":15}},"loc":{"start":{"line":3,"column":15},"end":{"line":9,"column":1}}}},"branchMap":{},"s":{"0":1,"1":0,"2":1},"f":{"0":0},"b":{}}
,"C:\\Users\\Lenovo\\OneDrive\\Stage 3\\stage-3-react (LAST)\\src\\components\\Main\\Main.tsx": {"path":"C:\\Users\\Lenovo\\OneDrive\\Stage 3\\stage-3-react (LAST)\\src\\components\\Main\\Main.tsx","statementMap":{"0":{"start":{"line":1,"column":0},"end":{"line":1,"column":33}},"1":{"start":{"line":2,"column":0},"end":{"line":2,"column":20}},"2":{"start":{"line":3,"column":0},"end":{"line":3,"column":54}},"3":{"start":{"line":4,"column":0},"end":{"line":4,"column":58}},"4":{"start":{"line":5,"column":0},"end":{"line":5,"column":44}},"5":{"start":{"line":17,"column":20},"end":{"line":17,"column":30}},"6":{"start":{"line":18,"column":25},"end":{"line":18,"column":37}},"7":{"start":{"line":19,"column":40},"end":{"line":19,"column":51}},"8":{"start":{"line":20,"column":56},"end":{"line":20,"column":85}},"9":{"start":{"line":21,"column":50},"end":{"line":21,"column":86}},"10":{"start":{"line":23,"column":2},"end":{"line":23,"column":28}},"11":{"start":{"line":25,"column":21},"end":{"line":25,"column":53}},"12":{"start":{"line":26,"column":25},"end":{"line":26,"column":83}},"13":{"start":{"line":28,"column":2},"end":{"line":73,"column":4}},"14":{"start":{"line":34,"column":12},"end":{"line":34,"column":65}},"15":{"start":{"line":34,"column":81},"end":{"line":34,"column":111}},"16":{"start":{"line":34,"column":112},"end":{"line":34,"column":135}},"17":{"start":{"line":58,"column":33},"end":{"line":58,"column":64}},"18":{"start":{"line":65,"column":27},"end":{"line":65,"column":58}},"19":{"start":{"line":76,"column":0},"end":{"line":76,"column":20}}},"fnMap":{"0":{"name":"Main","decl":{"start":{"line":16,"column":9},"end":{"line":16,"column":13}},"loc":{"start":{"line":16,"column":61},"end":{"line":74,"column":1}}},"1":{"name":"(anonymous_2)","decl":{"start":{"line":33,"column":30},"end":{"line":33,"column":31}},"loc":{"start":{"line":34,"column":12},"end":{"line":34,"column":65}}},"2":{"name":"(anonymous_3)","decl":{"start":{"line":34,"column":74},"end":{"line":34,"column":77}},"loc":{"start":{"line":34,"column":79},"end":{"line":35,"column":13}}},"3":{"name":"(anonymous_4)","decl":{"start":{"line":58,"column":27},"end":{"line":58,"column":30}},"loc":{"start":{"line":58,"column":33},"end":{"line":58,"column":64}}},"4":{"name":"(anonymous_5)","decl":{"start":{"line":65,"column":21},"end":{"line":65,"column":24}},"loc":{"start":{"line":65,"column":27},"end":{"line":65,"column":58}}}},"branchMap":{"0":{"loc":{"start":{"line":43,"column":11},"end":{"line":52,"column":23}},"type":"cond-expr","locations":[{"start":{"line":44,"column":12},"end":{"line":44,"column":29}},{"start":{"line":45,"column":14},"end":{"line":52,"column":23}}]},"1":{"loc":{"start":{"line":45,"column":14},"end":{"line":52,"column":23}},"type":"cond-expr","locations":[{"start":{"line":46,"column":12},"end":{"line":46,"column":38}},{"start":{"line":47,"column":14},"end":{"line":52,"column":23}}]},"2":{"loc":{"start":{"line":47,"column":14},"end":{"line":52,"column":23}},"type":"cond-expr","locations":[{"start":{"line":48,"column":12},"end":{"line":50,"column":null}},{"start":{"line":52,"column":16},"end":{"line":52,"column":21}}]},"3":{"loc":{"start":{"line":56,"column":7},"end":{"line":70,"column":null}},"type":"binary-expr","locations":[{"start":{"line":56,"column":7},"end":{"line":56,"column":43}},{"start":{"line":57,"column":8},"end":{"line":69,"column":null}}]}},"s":{"0":1,"1":1,"2":1,"3":1,"4":1,"5":7,"6":7,"7":7,"8":7,"9":7,"10":7,"11":7,"12":7,"13":7,"14":52,"15":0,"16":0,"17":1,"18":2,"19":1},"f":{"0":7,"1":52,"2":0,"3":1,"4":2},"b":{"0":[0,7],"1":[0,7],"2":[0,7],"3":[7,7]}}
,"C:\\Users\\Lenovo\\OneDrive\\Stage 3\\stage-3-react (LAST)\\src\\components\\ThemeSwitcher\\ThemeSwitcher.tsx": {"path":"C:\\Users\\Lenovo\\OneDrive\\Stage 3\\stage-3-react (LAST)\\src\\components\\ThemeSwitcher\\ThemeSwitcher.tsx","statementMap":{"0":{"start":{"line":6,"column":22},"end":{"line":8,"column":1}},"1":{"start":{"line":7,"column":2},"end":{"line":7,"column":92}},"2":{"start":{"line":10,"column":0},"end":{"line":10,"column":29}}},"fnMap":{"0":{"name":"(anonymous_0)","decl":{"start":{"line":6,"column":22},"end":{"line":6,"column":23}},"loc":{"start":{"line":6,"column":56},"end":{"line":8,"column":1}}}},"branchMap":{"0":{"loc":{"start":{"line":7,"column":40},"end":{"line":7,"column":76}},"type":"cond-expr","locations":[{"start":{"line":7,"column":60},"end":{"line":7,"column":66}},{"start":{"line":7,"column":69},"end":{"line":7,"column":76}}]}},"s":{"0":1,"1":7,"2":1},"f":{"0":7},"b":{"0":[7,0]}}
,"C:\\Users\\Lenovo\\OneDrive\\Stage 3\\stage-3-react (LAST)\\src\\context\\ThemeContext.tsx": {"path":"C:\\Users\\Lenovo\\OneDrive\\Stage 3\\stage-3-react (LAST)\\src\\context\\ThemeContext.tsx","statementMap":{"0":{"start":{"line":1,"column":0},"end":{"line":1,"column":71}},"1":{"start":{"line":12,"column":13},"end":{"line":12,"column":88}},"2":{"start":{"line":14,"column":24},"end":{"line":22,"column":1}},"3":{"start":{"line":15,"column":18},"end":{"line":15,"column":42}},"4":{"start":{"line":17,"column":2},"end":{"line":19,"column":3}},"5":{"start":{"line":18,"column":4},"end":{"line":18,"column":37}},"6":{"start":{"line":21,"column":2},"end":{"line":21,"column":17}},"7":{"start":{"line":14,"column":13},"end":{"line":14,"column":24}},"8":{"start":{"line":24,"column":36},"end":{"line":30,"column":1}},"9":{"start":{"line":25,"column":28},"end":{"line":25,"column":45}},"10":{"start":{"line":26,"column":22},"end":{"line":28,"column":3}},"11":{"start":{"line":27,"column":4},"end":{"line":27,"column":70}},"12":{"start":{"line":27,"column":27},"end":{"line":27,"column":67}},"13":{"start":{"line":29,"column":2},"end":{"line":29,"column":98}},"14":{"start":{"line":24,"column":13},"end":{"line":24,"column":36}}},"fnMap":{"0":{"name":"(anonymous_0)","decl":{"start":{"line":14,"column":24},"end":{"line":14,"column":27}},"loc":{"start":{"line":14,"column":29},"end":{"line":22,"column":1}}},"1":{"name":"(anonymous_1)","decl":{"start":{"line":24,"column":36},"end":{"line":24,"column":37}},"loc":{"start":{"line":24,"column":73},"end":{"line":30,"column":1}}},"2":{"name":"(anonymous_2)","decl":{"start":{"line":26,"column":22},"end":{"line":26,"column":25}},"loc":{"start":{"line":26,"column":27},"end":{"line":28,"column":3}}},"3":{"name":"(anonymous_3)","decl":{"start":{"line":27,"column":13},"end":{"line":27,"column":22}},"loc":{"start":{"line":27,"column":27},"end":{"line":27,"column":67}}}},"branchMap":{"0":{"loc":{"start":{"line":17,"column":2},"end":{"line":19,"column":3}},"type":"if","locations":[{"start":{"line":17,"column":2},"end":{"line":19,"column":3}}]},"1":{"loc":{"start":{"line":27,"column":27},"end":{"line":27,"column":67}},"type":"cond-expr","locations":[{"start":{"line":27,"column":51},"end":{"line":27,"column":57}},{"start":{"line":27,"column":60},"end":{"line":27,"column":67}}]}},"s":{"0":2,"1":2,"2":2,"3":10,"4":10,"5":0,"6":10,"7":2,"8":2,"9":7,"10":7,"11":0,"12":0,"13":7,"14":2},"f":{"0":10,"1":7,"2":0,"3":0},"b":{"0":[0],"1":[0,0]}}
,"C:\\Users\\Lenovo\\OneDrive\\Stage 3\\stage-3-react (LAST)\\src\\hooks\\useSingleSearch.tsx": {"path":"C:\\Users\\Lenovo\\OneDrive\\Stage 3\\stage-3-react (LAST)\\src\\hooks\\useSingleSearch.tsx","statementMap":{"0":{"start":{"line":1,"column":0},"end":{"line":1,"column":44}},"1":{"start":{"line":5,"column":24},"end":{"line":31,"column":1}},"2":{"start":{"line":6,"column":46},"end":{"line":6,"column":82}},"3":{"start":{"line":7,"column":36},"end":{"line":7,"column":51}},"4":{"start":{"line":8,"column":34},"end":{"line":8,"column":49}},"5":{"start":{"line":10,"column":2},"end":{"line":28,"column":28}},"6":{"start":{"line":11,"column":4},"end":{"line":27,"column":5}},"7":{"start":{"line":12,"column":24},"end":{"line":24,"column":8}},"8":{"start":{"line":12,"column":35},"end":{"line":24,"column":8}},"9":{"start":{"line":13,"column":8},"end":{"line":13,"column":27}},"10":{"start":{"line":14,"column":8},"end":{"line":14,"column":27}},"11":{"start":{"line":15,"column":8},"end":{"line":23,"column":9}},"12":{"start":{"line":16,"column":27},"end":{"line":16,"column":98}},"13":{"start":{"line":17,"column":23},"end":{"line":17,"column":44}},"14":{"start":{"line":18,"column":10},"end":{"line":18,"column":34}},"15":{"start":{"line":20,"column":10},"end":{"line":20,"column":28}},"16":{"start":{"line":22,"column":10},"end":{"line":22,"column":30}},"17":{"start":{"line":26,"column":6},"end":{"line":26,"column":18}},"18":{"start":{"line":30,"column":2},"end":{"line":30,"column":49}},"19":{"start":{"line":33,"column":0},"end":{"line":33,"column":31}}},"fnMap":{"0":{"name":"(anonymous_7)","decl":{"start":{"line":5,"column":24},"end":{"line":5,"column":25}},"loc":{"start":{"line":5,"column":63},"end":{"line":31,"column":1}}},"1":{"name":"(anonymous_8)","decl":{"start":{"line":10,"column":12},"end":{"line":10,"column":15}},"loc":{"start":{"line":10,"column":17},"end":{"line":28,"column":3}}},"2":{"name":"(anonymous_9)","decl":{"start":{"line":12,"column":24},"end":{"line":12,"column":33}},"loc":{"start":{"line":12,"column":35},"end":{"line":24,"column":8}}},"3":{"name":"(anonymous_10)","decl":{"start":{"line":12,"column":35},"end":{"line":12,"column":null}},"loc":{"start":{"line":12,"column":35},"end":{"line":24,"column":7}}}},"branchMap":{"0":{"loc":{"start":{"line":11,"column":4},"end":{"line":27,"column":5}},"type":"if","locations":[{"start":{"line":11,"column":4},"end":{"line":27,"column":5}}]}},"s":{"0":2,"1":2,"2":14,"3":14,"4":14,"5":14,"6":7,"7":2,"8":2,"9":2,"10":2,"11":2,"12":2,"13":1,"14":1,"15":1,"16":2,"17":2,"18":14,"19":2},"f":{"0":14,"1":7,"2":2,"3":2},"b":{"0":[2]}}
}
