{"C:\\D\\RSS\\stage 3\\src\\components\\Errorboundary\\ErrorBoundary.tsx": {"path":"C:\\D\\RSS\\stage 3\\src\\components\\Errorboundary\\ErrorBoundary.tsx","statementMap":{"0":{"start":{"line":3,"column":0},"end":{"line":3,"column":34}},"1":{"start":{"line":7,"column":4},"end":{"line":7,"column":17}},"2":{"start":{"line":8,"column":4},"end":{"line":10,"column":6}},"3":{"start":{"line":14,"column":4},"end":{"line":14,"column":30}},"4":{"start":{"line":18,"column":4},"end":{"line":18,"column":53}},"5":{"start":{"line":22,"column":4},"end":{"line":30,"column":5}},"6":{"start":{"line":23,"column":6},"end":{"line":29,"column":8}},"7":{"start":{"line":32,"column":4},"end":{"line":32,"column":31}},"8":{"start":{"line":36,"column":0},"end":{"line":36,"column":29}}},"fnMap":{"0":{"name":"(anonymous_0)","decl":{"start":{"line":6,"column":2},"end":{"line":6,"column":14}},"loc":{"start":{"line":6,"column":51},"end":{"line":11,"column":3}}},"1":{"name":"(anonymous_1)","decl":{"start":{"line":13,"column":2},"end":{"line":13,"column":8}},"loc":{"start":{"line":13,"column":33},"end":{"line":15,"column":3}}},"2":{"name":"(anonymous_2)","decl":{"start":{"line":17,"column":2},"end":{"line":17,"column":19}},"loc":{"start":{"line":17,"column":52},"end":{"line":19,"column":3}}},"3":{"name":"(anonymous_3)","decl":{"start":{"line":21,"column":2},"end":{"line":21,"column":8}},"loc":{"start":{"line":21,"column":8},"end":{"line":33,"column":3}}}},"branchMap":{"0":{"loc":{"start":{"line":22,"column":4},"end":{"line":30,"column":5}},"type":"if","locations":[{"start":{"line":22,"column":4},"end":{"line":30,"column":5}}]}},"s":{"0":1,"1":4,"2":3,"3":2,"4":1,"5":5,"6":2,"7":3,"8":1},"f":{"0":4,"1":2,"2":1,"3":5},"b":{"0":[2]}}
,"C:\\D\\RSS\\stage 3\\src\\components\\InfoCard\\InfoCardFull.tsx": {"path":"C:\\D\\RSS\\stage 3\\src\\components\\InfoCard\\InfoCardFull.tsx","statementMap":{"0":{"start":{"line":1,"column":0},"end":{"line":1,"column":46}},"1":{"start":{"line":2,"column":0},"end":{"line":2,"column":42}},"2":{"start":{"line":3,"column":0},"end":{"line":3,"column":55}},"3":{"start":{"line":4,"column":0},"end":{"line":4,"column":72}},"4":{"start":{"line":18,"column":50},"end":{"line":57,"column":1}},"5":{"start":{"line":19,"column":20},"end":{"line":19,"column":30}},"6":{"start":{"line":20,"column":19},"end":{"line":20,"column":32}},"7":{"start":{"line":21,"column":20},"end":{"line":21,"column":76}},"8":{"start":{"line":21,"column":54},"end":{"line":21,"column":75}},"9":{"start":{"line":23,"column":24},"end":{"line":32,"column":3}},"10":{"start":{"line":27,"column":4},"end":{"line":31,"column":5}},"11":{"start":{"line":28,"column":6},"end":{"line":28,"column":41}},"12":{"start":{"line":30,"column":6},"end":{"line":30,"column":46}},"13":{"start":{"line":34,"column":2},"end":{"line":56,"column":4}},"14":{"start":{"line":39,"column":8},"end":{"line":41,"column":9}},"15":{"start":{"line":40,"column":10},"end":{"line":40,"column":40}},"16":{"start":{"line":50,"column":25},"end":{"line":50,"column":52}},"17":{"start":{"line":51,"column":70},"end":{"line":51,"column":97}},"18":{"start":{"line":59,"column":0},"end":{"line":59,"column":28}}},"fnMap":{"0":{"name":"(anonymous_1)","decl":{"start":{"line":18,"column":50},"end":{"line":18,"column":51}},"loc":{"start":{"line":18,"column":99},"end":{"line":57,"column":1}}},"1":{"name":"(anonymous_2)","decl":{"start":{"line":21,"column":32},"end":{"line":21,"column":33}},"loc":{"start":{"line":21,"column":54},"end":{"line":21,"column":75}}},"2":{"name":"(anonymous_3)","decl":{"start":{"line":23,"column":24},"end":{"line":23,"column":null}},"loc":{"start":{"line":26,"column":6},"end":{"line":32,"column":3}}},"3":{"name":"(anonymous_4)","decl":{"start":{"line":38,"column":15},"end":{"line":38,"column":16}},"loc":{"start":{"line":38,"column":19},"end":{"line":42,"column":7}}},"4":{"name":"(anonymous_5)","decl":{"start":{"line":50,"column":20},"end":{"line":50,"column":21}},"loc":{"start":{"line":50,"column":25},"end":{"line":50,"column":52}}},"5":{"name":"(anonymous_6)","decl":{"start":{"line":51,"column":63},"end":{"line":51,"column":66}},"loc":{"start":{"line":51,"column":70},"end":{"line":51,"column":97}}}},"branchMap":{"0":{"loc":{"start":{"line":27,"column":4},"end":{"line":31,"column":5}},"type":"if","locations":[{"start":{"line":27,"column":4},"end":{"line":31,"column":5}},{"start":{"line":29,"column":11},"end":{"line":31,"column":5}}]},"1":{"loc":{"start":{"line":39,"column":8},"end":{"line":41,"column":9}},"type":"if","locations":[{"start":{"line":39,"column":8},"end":{"line":41,"column":9}}]},"2":{"loc":{"start":{"line":51,"column":19},"end":{"line":51,"column":106}},"type":"cond-expr","locations":[{"start":{"line":51,"column":36},"end":{"line":51,"column":98}},{"start":{"line":51,"column":101},"end":{"line":51,"column":106}}]},"3":{"loc":{"start":{"line":51,"column":36},"end":{"line":51,"column":98}},"type":"cond-expr","locations":[{"start":{"line":51,"column":56},"end":{"line":51,"column":58}},{"start":{"line":51,"column":56},"end":{"line":51,"column":98}}]},"4":{"loc":{"start":{"line":51,"column":36},"end":{"line":51,"column":58}},"type":"binary-expr","locations":[{"start":{"line":51,"column":36},"end":{"line":51,"column":58}},{"start":{"line":51,"column":56},"end":{"line":51,"column":58}}]},"5":{"loc":{"start":{"line":51,"column":36},"end":{"line":51,"column":56}},"type":"cond-expr","locations":[{"start":{"line":51,"column":45},"end":{"line":51,"column":47}},{"start":{"line":51,"column":36},"end":{"line":51,"column":56}}]},"6":{"loc":{"start":{"line":51,"column":36},"end":{"line":51,"column":47}},"type":"binary-expr","locations":[{"start":{"line":51,"column":36},"end":{"line":51,"column":47}},{"start":{"line":51,"column":36},"end":{"line":51,"column":47}}]}},"s":{"0":2,"1":2,"2":2,"3":2,"4":2,"5":2,"6":2,"7":2,"8":4,"9":2,"10":1,"11":1,"12":0,"13":2,"14":1,"15":0,"16":1,"17":1,"18":2},"f":{"0":2,"1":4,"2":1,"3":1,"4":1,"5":1},"b":{"0":[1,0],"1":[0],"2":[2,0],"3":[1,1],"4":[2,2],"5":[1,1],"6":[2,2]}}
,"C:\\D\\RSS\\stage 3\\src\\components\\InfoCard\\InfoCardList.tsx": {"path":"C:\\D\\RSS\\stage 3\\src\\components\\InfoCard\\InfoCardList.tsx","statementMap":{"0":{"start":{"line":6,"column":21},"end":{"line":12,"column":3}},"1":{"start":{"line":7,"column":4},"end":{"line":10,"column":5}},"2":{"start":{"line":8,"column":24},"end":{"line":8,"column":79}},"3":{"start":{"line":8,"column":51},"end":{"line":8,"column":68}},"4":{"start":{"line":9,"column":6},"end":{"line":9,"column":66}},"5":{"start":{"line":11,"column":4},"end":{"line":11,"column":17}},"6":{"start":{"line":14,"column":2},"end":{"line":22,"column":4}},"7":{"start":{"line":17,"column":8},"end":{"line":17,"column":null}},"8":{"start":{"line":25,"column":0},"end":{"line":25,"column":28}}},"fnMap":{"0":{"name":"InfoCardList","decl":{"start":{"line":5,"column":9},"end":{"line":5,"column":21}},"loc":{"start":{"line":5,"column":54},"end":{"line":23,"column":1}}},"1":{"name":"(anonymous_1)","decl":{"start":{"line":6,"column":21},"end":{"line":6,"column":22}},"loc":{"start":{"line":6,"column":50},"end":{"line":12,"column":3}}},"2":{"name":"(anonymous_2)","decl":{"start":{"line":8,"column":34},"end":{"line":8,"column":35}},"loc":{"start":{"line":8,"column":51},"end":{"line":8,"column":68}}},"3":{"name":"(anonymous_3)","decl":{"start":{"line":16,"column":37},"end":{"line":16,"column":38}},"loc":{"start":{"line":17,"column":8},"end":{"line":17,"column":null}}}},"branchMap":{"0":{"loc":{"start":{"line":7,"column":4},"end":{"line":10,"column":5}},"type":"if","locations":[{"start":{"line":7,"column":4},"end":{"line":10,"column":5}}]}},"s":{"0":4,"1":6,"2":2,"3":6,"4":2,"5":4,"6":4,"7":6,"8":3},"f":{"0":4,"1":6,"2":6,"3":6},"b":{"0":[2]}}
,"C:\\D\\RSS\\stage 3\\src\\components\\Main\\Main.tsx": {"path":"C:\\D\\RSS\\stage 3\\src\\components\\Main\\Main.tsx","statementMap":{"0":{"start":{"line":3,"column":0},"end":{"line":3,"column":33}},"1":{"start":{"line":4,"column":0},"end":{"line":4,"column":20}},"2":{"start":{"line":5,"column":0},"end":{"line":5,"column":58}},"3":{"start":{"line":6,"column":0},"end":{"line":6,"column":52}},"4":{"start":{"line":19,"column":25},"end":{"line":19,"column":37}},"5":{"start":{"line":20,"column":40},"end":{"line":20,"column":51}},"6":{"start":{"line":21,"column":56},"end":{"line":21,"column":85}},"7":{"start":{"line":22,"column":50},"end":{"line":22,"column":86}},"8":{"start":{"line":24,"column":2},"end":{"line":24,"column":28}},"9":{"start":{"line":26,"column":21},"end":{"line":26,"column":53}},"10":{"start":{"line":27,"column":25},"end":{"line":27,"column":119}},"11":{"start":{"line":29,"column":2},"end":{"line":74,"column":4}},"12":{"start":{"line":34,"column":12},"end":{"line":38,"column":null}},"13":{"start":{"line":61,"column":33},"end":{"line":61,"column":64}},"14":{"start":{"line":68,"column":27},"end":{"line":68,"column":58}},"15":{"start":{"line":77,"column":0},"end":{"line":77,"column":20}}},"fnMap":{"0":{"name":"Main","decl":{"start":{"line":18,"column":9},"end":{"line":18,"column":13}},"loc":{"start":{"line":18,"column":66},"end":{"line":75,"column":1}}},"1":{"name":"(anonymous_2)","decl":{"start":{"line":33,"column":30},"end":{"line":33,"column":31}},"loc":{"start":{"line":34,"column":12},"end":{"line":38,"column":null}}},"2":{"name":"(anonymous_3)","decl":{"start":{"line":61,"column":27},"end":{"line":61,"column":30}},"loc":{"start":{"line":61,"column":33},"end":{"line":61,"column":64}}},"3":{"name":"(anonymous_4)","decl":{"start":{"line":68,"column":21},"end":{"line":68,"column":24}},"loc":{"start":{"line":68,"column":27},"end":{"line":68,"column":58}}}},"branchMap":{"0":{"loc":{"start":{"line":18,"column":16},"end":{"line":18,"column":34}},"type":"default-arg","locations":[{"start":{"line":18,"column":32},"end":{"line":18,"column":34}}]},"1":{"loc":{"start":{"line":27,"column":25},"end":{"line":27,"column":119}},"type":"cond-expr","locations":[{"start":{"line":27,"column":56},"end":{"line":27,"column":114}},{"start":{"line":27,"column":117},"end":{"line":27,"column":119}}]},"2":{"loc":{"start":{"line":44,"column":11},"end":{"line":55,"column":null}},"type":"cond-expr","locations":[{"start":{"line":45,"column":12},"end":{"line":45,"column":29}},{"start":{"line":46,"column":14},"end":{"line":55,"column":null}}]},"3":{"loc":{"start":{"line":46,"column":14},"end":{"line":55,"column":null}},"type":"cond-expr","locations":[{"start":{"line":47,"column":12},"end":{"line":47,"column":38}},{"start":{"line":48,"column":14},"end":{"line":55,"column":null}}]},"4":{"loc":{"start":{"line":48,"column":14},"end":{"line":55,"column":null}},"type":"cond-expr","locations":[{"start":{"line":49,"column":12},"end":{"line":52,"column":null}},{"start":{"line":55,"column":12},"end":{"line":55,"column":17}}]},"5":{"loc":{"start":{"line":48,"column":14},"end":{"line":48,"column":56}},"type":"binary-expr","locations":[{"start":{"line":48,"column":14},"end":{"line":48,"column":28}},{"start":{"line":48,"column":32},"end":{"line":48,"column":56}}]},"6":{"loc":{"start":{"line":59,"column":7},"end":{"line":71,"column":null}},"type":"binary-expr","locations":[{"start":{"line":59,"column":7},"end":{"line":59,"column":43}},{"start":{"line":60,"column":8},"end":{"line":70,"column":null}}]}},"s":{"0":1,"1":1,"2":1,"3":1,"4":3,"5":3,"6":3,"7":3,"8":3,"9":3,"10":3,"11":3,"12":0,"13":0,"14":0,"15":1},"f":{"0":3,"1":0,"2":0,"3":0},"b":{"0":[0],"1":[3,0],"2":[1,2],"3":[1,1],"4":[0,1],"5":[1,0],"6":[3,0]}}
,"C:\\D\\RSS\\stage 3\\src\\context\\ThemeContext.tsx": {"path":"C:\\D\\RSS\\stage 3\\src\\context\\ThemeContext.tsx","statementMap":{"0":{"start":{"line":3,"column":0},"end":{"line":3,"column":59}},"1":{"start":{"line":14,"column":13},"end":{"line":14,"column":88}},"2":{"start":{"line":16,"column":36},"end":{"line":22,"column":1}},"3":{"start":{"line":17,"column":28},"end":{"line":17,"column":45}},"4":{"start":{"line":18,"column":22},"end":{"line":20,"column":3}},"5":{"start":{"line":19,"column":4},"end":{"line":19,"column":70}},"6":{"start":{"line":19,"column":27},"end":{"line":19,"column":67}},"7":{"start":{"line":21,"column":2},"end":{"line":21,"column":98}},"8":{"start":{"line":16,"column":13},"end":{"line":16,"column":36}}},"fnMap":{"0":{"name":"(anonymous_0)","decl":{"start":{"line":16,"column":36},"end":{"line":16,"column":37}},"loc":{"start":{"line":16,"column":73},"end":{"line":22,"column":1}}},"1":{"name":"(anonymous_1)","decl":{"start":{"line":18,"column":22},"end":{"line":18,"column":25}},"loc":{"start":{"line":18,"column":27},"end":{"line":20,"column":3}}},"2":{"name":"(anonymous_2)","decl":{"start":{"line":19,"column":13},"end":{"line":19,"column":22}},"loc":{"start":{"line":19,"column":27},"end":{"line":19,"column":67}}}},"branchMap":{"0":{"loc":{"start":{"line":19,"column":27},"end":{"line":19,"column":67}},"type":"cond-expr","locations":[{"start":{"line":19,"column":51},"end":{"line":19,"column":57}},{"start":{"line":19,"column":60},"end":{"line":19,"column":67}}]}},"s":{"0":1,"1":1,"2":1,"3":0,"4":0,"5":0,"6":0,"7":0,"8":1},"f":{"0":0,"1":0,"2":0},"b":{"0":[0,0]}}
,"C:\\D\\RSS\\stage 3\\src\\context\\useTheme.ts": {"path":"C:\\D\\RSS\\stage 3\\src\\context\\useTheme.ts","statementMap":{"0":{"start":{"line":3,"column":0},"end":{"line":3,"column":35}},"1":{"start":{"line":4,"column":0},"end":{"line":4,"column":46}},"2":{"start":{"line":6,"column":17},"end":{"line":14,"column":1}},"3":{"start":{"line":7,"column":18},"end":{"line":7,"column":42}},"4":{"start":{"line":9,"column":2},"end":{"line":11,"column":3}},"5":{"start":{"line":10,"column":4},"end":{"line":10,"column":37}},"6":{"start":{"line":13,"column":2},"end":{"line":13,"column":17}},"7":{"start":{"line":16,"column":0},"end":{"line":16,"column":24}}},"fnMap":{"0":{"name":"(anonymous_0)","decl":{"start":{"line":6,"column":17},"end":{"line":6,"column":20}},"loc":{"start":{"line":6,"column":22},"end":{"line":14,"column":1}}}},"branchMap":{"0":{"loc":{"start":{"line":9,"column":2},"end":{"line":11,"column":3}},"type":"if","locations":[{"start":{"line":9,"column":2},"end":{"line":11,"column":3}}]}},"s":{"0":1,"1":1,"2":1,"3":0,"4":0,"5":0,"6":0,"7":1},"f":{"0":0},"b":{"0":[0]}}
,"C:\\D\\RSS\\stage 3\\src\\hooks\\useSingleSearch.tsx": {"path":"C:\\D\\RSS\\stage 3\\src\\hooks\\useSingleSearch.tsx","statementMap":{"0":{"start":{"line":3,"column":0},"end":{"line":3,"column":44}},"1":{"start":{"line":7,"column":24},"end":{"line":33,"column":1}},"2":{"start":{"line":8,"column":46},"end":{"line":8,"column":82}},"3":{"start":{"line":9,"column":36},"end":{"line":9,"column":51}},"4":{"start":{"line":10,"column":34},"end":{"line":10,"column":49}},"5":{"start":{"line":12,"column":2},"end":{"line":30,"column":28}},"6":{"start":{"line":13,"column":4},"end":{"line":29,"column":5}},"7":{"start":{"line":14,"column":24},"end":{"line":26,"column":8}},"8":{"start":{"line":14,"column":35},"end":{"line":26,"column":8}},"9":{"start":{"line":15,"column":8},"end":{"line":15,"column":27}},"10":{"start":{"line":16,"column":8},"end":{"line":16,"column":27}},"11":{"start":{"line":17,"column":8},"end":{"line":25,"column":9}},"12":{"start":{"line":18,"column":27},"end":{"line":18,"column":98}},"13":{"start":{"line":19,"column":23},"end":{"line":19,"column":44}},"14":{"start":{"line":20,"column":10},"end":{"line":20,"column":34}},"15":{"start":{"line":22,"column":10},"end":{"line":22,"column":28}},"16":{"start":{"line":24,"column":10},"end":{"line":24,"column":30}},"17":{"start":{"line":28,"column":6},"end":{"line":28,"column":18}},"18":{"start":{"line":32,"column":2},"end":{"line":32,"column":49}},"19":{"start":{"line":35,"column":0},"end":{"line":35,"column":31}}},"fnMap":{"0":{"name":"(anonymous_7)","decl":{"start":{"line":7,"column":24},"end":{"line":7,"column":25}},"loc":{"start":{"line":7,"column":63},"end":{"line":33,"column":1}}},"1":{"name":"(anonymous_8)","decl":{"start":{"line":12,"column":12},"end":{"line":12,"column":15}},"loc":{"start":{"line":12,"column":17},"end":{"line":30,"column":3}}},"2":{"name":"(anonymous_9)","decl":{"start":{"line":14,"column":24},"end":{"line":14,"column":33}},"loc":{"start":{"line":14,"column":35},"end":{"line":26,"column":8}}},"3":{"name":"(anonymous_10)","decl":{"start":{"line":14,"column":35},"end":{"line":14,"column":null}},"loc":{"start":{"line":14,"column":35},"end":{"line":26,"column":7}}}},"branchMap":{"0":{"loc":{"start":{"line":13,"column":4},"end":{"line":29,"column":5}},"type":"if","locations":[{"start":{"line":13,"column":4},"end":{"line":29,"column":5}}]}},"s":{"0":2,"1":2,"2":7,"3":7,"4":7,"5":7,"6":3,"7":2,"8":2,"9":2,"10":2,"11":2,"12":2,"13":1,"14":1,"15":1,"16":2,"17":2,"18":7,"19":2},"f":{"0":7,"1":3,"2":2,"3":2},"b":{"0":[2]}}
,"C:\\D\\RSS\\stage 3\\src\\store\\store.tsx": {"path":"C:\\D\\RSS\\stage 3\\src\\store\\store.tsx","statementMap":{"0":{"start":{"line":1,"column":0},"end":{"line":1,"column":57}},"1":{"start":{"line":2,"column":0},"end":{"line":2,"column":50}},"2":{"start":{"line":4,"column":13},"end":{"line":8,"column":3}}},"fnMap":{},"branchMap":{},"s":{"0":1,"1":1,"2":1},"f":{},"b":{}}
,"C:\\D\\RSS\\stage 3\\src\\store\\actions\\index.tsx": {"path":"C:\\D\\RSS\\stage 3\\src\\store\\actions\\index.tsx","statementMap":{"0":{"start":{"line":1,"column":29},"end":{"line":4,"column":2}},"1":{"start":{"line":1,"column":86},"end":{"line":4,"column":2}},"2":{"start":{"line":1,"column":13},"end":{"line":1,"column":29}},"3":{"start":{"line":6,"column":34},"end":{"line":9,"column":2}},"4":{"start":{"line":6,"column":91},"end":{"line":9,"column":2}},"5":{"start":{"line":6,"column":13},"end":{"line":6,"column":34}}},"fnMap":{"0":{"name":"(anonymous_0)","decl":{"start":{"line":1,"column":29},"end":{"line":1,"column":30}},"loc":{"start":{"line":1,"column":86},"end":{"line":4,"column":2}}},"1":{"name":"(anonymous_1)","decl":{"start":{"line":6,"column":34},"end":{"line":6,"column":35}},"loc":{"start":{"line":6,"column":91},"end":{"line":9,"column":2}}}},"branchMap":{},"s":{"0":2,"1":1,"2":2,"3":2,"4":0,"5":2},"f":{"0":1,"1":0},"b":{}}
,"C:\\D\\RSS\\stage 3\\src\\store\\reducers\\favoriteReducer.tsx": {"path":"C:\\D\\RSS\\stage 3\\src\\store\\reducers\\favoriteReducer.tsx","statementMap":{"0":{"start":{"line":1,"column":0},"end":{"line":1,"column":62}},"1":{"start":{"line":8,"column":36},"end":{"line":10,"column":2}},"2":{"start":{"line":18,"column":22},"end":{"line":29,"column":2}},"3":{"start":{"line":23,"column":6},"end":{"line":23,"column":43}},"4":{"start":{"line":26,"column":6},"end":{"line":26,"column":88}},"5":{"start":{"line":26,"column":59},"end":{"line":26,"column":86}},"6":{"start":{"line":31,"column":13},"end":{"line":31,"column":53}},"7":{"start":{"line":32,"column":0},"end":{"line":32,"column":37}}},"fnMap":{"0":{"name":"(anonymous_0)","decl":{"start":{"line":22,"column":19},"end":{"line":22,"column":20}},"loc":{"start":{"line":22,"column":60},"end":{"line":24,"column":5}}},"1":{"name":"(anonymous_1)","decl":{"start":{"line":25,"column":24},"end":{"line":25,"column":25}},"loc":{"start":{"line":25,"column":65},"end":{"line":27,"column":5}}},"2":{"name":"(anonymous_2)","decl":{"start":{"line":26,"column":47},"end":{"line":26,"column":55}},"loc":{"start":{"line":26,"column":59},"end":{"line":26,"column":86}}}},"branchMap":{},"s":{"0":1,"1":1,"2":1,"3":0,"4":0,"5":0,"6":1,"7":1},"f":{"0":0,"1":0,"2":0},"b":{}}
}
