TN:
SF:src\components\Errorboundary\ErrorBoundary.tsx
FN:6,(anonymous_0)
FN:13,(anonymous_1)
FN:17,(anonymous_2)
FN:21,(anonymous_3)
FNF:4
FNH:4
FNDA:4,(anonymous_0)
FNDA:2,(anonymous_1)
FNDA:1,(anonymous_2)
FNDA:5,(anonymous_3)
DA:3,1
DA:7,4
DA:8,3
DA:14,2
DA:18,1
DA:22,5
DA:23,2
DA:32,3
DA:36,1
LF:9
LH:9
BRDA:22,0,0,2
BRF:1
BRH:1
end_of_record
TN:
SF:src\components\InfoCard\InfoCardFull.tsx
FN:18,(anonymous_1)
FN:21,(anonymous_2)
FN:23,(anonymous_3)
FN:38,(anonymous_4)
FN:50,(anonymous_5)
FN:51,(anonymous_6)
FNF:6
FNH:6
FNDA:2,(anonymous_1)
FNDA:4,(anonymous_2)
FNDA:1,(anonymous_3)
FNDA:1,(anonymous_4)
FNDA:1,(anonymous_5)
FNDA:1,(anonymous_6)
DA:1,2
DA:2,2
DA:3,2
DA:4,2
DA:18,2
DA:19,2
DA:20,2
DA:21,4
DA:23,2
DA:27,1
DA:28,1
DA:30,0
DA:34,2
DA:39,1
DA:40,0
DA:50,1
DA:51,1
DA:59,2
LF:18
LH:16
BRDA:27,0,0,1
BRDA:27,0,1,0
BRDA:39,1,0,0
BRDA:51,2,0,2
BRDA:51,2,1,0
BRDA:51,3,0,1
BRDA:51,3,1,1
BRDA:51,4,0,2
BRDA:51,4,1,2
BRDA:51,5,0,1
BRDA:51,5,1,1
BRDA:51,6,0,2
BRDA:51,6,1,2
BRF:13
BRH:10
end_of_record
TN:
SF:src\components\InfoCard\InfoCardList.tsx
FN:5,InfoCardList
FN:6,(anonymous_1)
FN:8,(anonymous_2)
FN:16,(anonymous_3)
FNF:4
FNH:4
FNDA:4,InfoCardList
FNDA:6,(anonymous_1)
FNDA:6,(anonymous_2)
FNDA:6,(anonymous_3)
DA:6,4
DA:7,6
DA:8,6
DA:9,2
DA:11,4
DA:14,4
DA:17,6
DA:25,3
LF:8
LH:8
BRDA:7,0,0,2
BRF:1
BRH:1
end_of_record
TN:
SF:src\components\Main\Main.tsx
FN:18,Main
FN:33,(anonymous_2)
FN:61,(anonymous_3)
FN:68,(anonymous_4)
FNF:4
FNH:1
FNDA:3,Main
FNDA:0,(anonymous_2)
FNDA:0,(anonymous_3)
FNDA:0,(anonymous_4)
DA:3,1
DA:4,1
DA:5,1
DA:6,1
DA:19,3
DA:20,3
DA:21,3
DA:22,3
DA:24,3
DA:26,3
DA:27,3
DA:29,3
DA:34,0
DA:61,0
DA:68,0
DA:77,1
LF:16
LH:13
BRDA:18,0,0,0
BRDA:27,1,0,3
BRDA:27,1,1,0
BRDA:44,2,0,1
BRDA:44,2,1,2
BRDA:46,3,0,1
BRDA:46,3,1,1
BRDA:48,4,0,0
BRDA:48,4,1,1
BRDA:48,5,0,1
BRDA:48,5,1,0
BRDA:59,6,0,3
BRDA:59,6,1,0
BRF:13
BRH:8
end_of_record
TN:
SF:src\context\ThemeContext.tsx
FN:16,(anonymous_0)
FN:18,(anonymous_1)
FN:19,(anonymous_2)
FNF:3
FNH:0
FNDA:0,(anonymous_0)
FNDA:0,(anonymous_1)
FNDA:0,(anonymous_2)
DA:3,1
DA:14,1
DA:16,1
DA:17,0
DA:18,0
DA:19,0
DA:21,0
LF:7
LH:3
BRDA:19,0,0,0
BRDA:19,0,1,0
BRF:2
BRH:0
end_of_record
TN:
SF:src\context\useTheme.ts
FN:6,(anonymous_0)
FNF:1
FNH:0
FNDA:0,(anonymous_0)
DA:3,1
DA:4,1
DA:6,1
DA:7,0
DA:9,0
DA:10,0
DA:13,0
DA:16,1
LF:8
LH:4
BRDA:9,0,0,0
BRF:1
BRH:0
end_of_record
TN:
SF:src\hooks\useSingleSearch.tsx
FN:7,(anonymous_7)
FN:12,(anonymous_8)
FN:14,(anonymous_9)
FN:14,(anonymous_10)
FNF:4
FNH:4
FNDA:7,(anonymous_7)
FNDA:3,(anonymous_8)
FNDA:2,(anonymous_9)
FNDA:2,(anonymous_10)
DA:3,2
DA:7,2
DA:8,7
DA:9,7
DA:10,7
DA:12,7
DA:13,3
DA:14,2
DA:15,2
DA:16,2
DA:17,2
DA:18,2
DA:19,1
DA:20,1
DA:22,1
DA:24,2
DA:28,2
DA:32,7
DA:35,2
LF:19
LH:19
BRDA:13,0,0,2
BRF:1
BRH:1
end_of_record
TN:
SF:src\store\store.tsx
FNF:0
FNH:0
DA:1,1
DA:2,1
DA:4,1
LF:3
LH:3
BRF:0
BRH:0
end_of_record
TN:
SF:src\store\actions\index.tsx
FN:1,(anonymous_0)
FN:6,(anonymous_1)
FNF:2
FNH:1
FNDA:1,(anonymous_0)
FNDA:0,(anonymous_1)
DA:1,2
DA:6,2
LF:2
LH:2
BRF:0
BRH:0
end_of_record
TN:
SF:src\store\reducers\favoriteReducer.tsx
FN:22,(anonymous_0)
FN:25,(anonymous_1)
FN:26,(anonymous_2)
FNF:3
FNH:0
FNDA:0,(anonymous_0)
FNDA:0,(anonymous_1)
FNDA:0,(anonymous_2)
DA:1,1
DA:8,1
DA:18,1
DA:23,0
DA:26,0
DA:31,1
DA:32,1
LF:7
LH:5
BRF:0
BRH:0
end_of_record
