TN:
SF:src\components\app\App.tsx
FN:13,App
FN:15,(anonymous_2)
FN:19,(anonymous_3)
FNF:3
FNH:2
FNDA:1,App
FNDA:0,(anonymous_2)
FNDA:1,(anonymous_3)
DA:1,1
DA:2,1
DA:3,1
DA:4,1
DA:5,1
DA:6,1
DA:7,1
DA:14,1
DA:15,1
DA:16,0
DA:19,1
DA:20,1
DA:21,1
DA:24,1
DA:50,1
LF:15
LH:14
BRF:0
BRH:0
end_of_record
TN:
SF:src\components\errorboundary\ErrorBoundary.tsx
FN:4,(anonymous_0)
FN:11,(anonymous_1)
FN:15,(anonymous_2)
FN:19,(anonymous_3)
FNF:4
FNH:4
FNDA:5,(anonymous_0)
FNDA:2,(anonymous_1)
FNDA:1,(anonymous_2)
FNDA:6,(anonymous_3)
DA:1,2
DA:5,5
DA:6,4
DA:12,2
DA:16,1
DA:20,6
DA:21,2
DA:30,4
DA:34,2
LF:9
LH:9
BRDA:20,0,0,2
BRF:1
BRH:1
end_of_record
TN:
SF:src\components\header\Header.tsx
FN:15,useLocalStorage
FN:18,(anonymous_9)
FN:26,(anonymous_10)
FN:32,(anonymous_11)
FN:32,(anonymous_12)
FN:44,(anonymous_13)
FN:50,(anonymous_14)
FN:53,(anonymous_15)
FN:61,(anonymous_16)
FN:65,(anonymous_17)
FN:69,(anonymous_18)
FN:74,(anonymous_19)
FN:78,(anonymous_20)
FN:88,(anonymous_21)
FN:92,(anonymous_22)
FN:96,(anonymous_23)
FNF:16
FNH:12
FNDA:11,useLocalStorage
FNDA:3,(anonymous_9)
FNDA:11,(anonymous_10)
FNDA:30,(anonymous_11)
FNDA:30,(anonymous_12)
FNDA:3,(anonymous_13)
FNDA:5,(anonymous_14)
FNDA:30,(anonymous_15)
FNDA:0,(anonymous_16)
FNDA:0,(anonymous_17)
FNDA:0,(anonymous_18)
FNDA:1,(anonymous_19)
FNDA:5,(anonymous_20)
FNDA:5,(anonymous_21)
FNDA:0,(anonymous_22)
FNDA:5,(anonymous_23)
DA:1,2
DA:2,2
DA:3,2
DA:4,2
DA:6,2
DA:16,11
DA:18,11
DA:19,3
DA:20,3
DA:23,11
DA:26,2
DA:27,11
DA:28,11
DA:29,11
DA:30,11
DA:32,30
DA:33,30
DA:34,30
DA:35,0
DA:36,0
DA:38,0
DA:39,0
DA:40,0
DA:44,11
DA:45,3
DA:46,3
DA:47,3
DA:50,11
DA:51,5
DA:52,5
DA:53,5
DA:54,30
DA:55,30
DA:58,5
DA:60,5
DA:62,0
DA:63,0
DA:66,0
DA:67,0
DA:70,0
DA:74,11
DA:75,1
DA:78,11
DA:79,5
DA:81,5
DA:82,2
DA:83,2
DA:84,2
DA:88,11
DA:89,5
DA:92,11
DA:93,0
DA:96,11
DA:97,5
DA:98,0
DA:102,11
DA:113,2
LF:57
LH:45
BRDA:81,0,0,2
BRDA:97,1,0,0
BRDA:108,2,0,11
BRDA:108,2,1,5
BRF:4
BRH:3
end_of_record
TN:
SF:src\components\loader\Loader.tsx
FN:3,Loader
FNF:1
FNH:1
FNDA:3,Loader
DA:1,2
DA:4,3
DA:11,2
LF:3
LH:3
BRF:0
BRH:0
end_of_record
TN:
SF:src\components\main\Main.tsx
FN:13,Main
FN:19,(anonymous_1)
FN:21,(anonymous_2)
FN:33,(anonymous_3)
FN:34,(anonymous_4)
FN:37,(anonymous_5)
FN:51,(anonymous_6)
FN:63,(anonymous_7)
FN:70,(anonymous_8)
FNF:9
FNH:5
FNDA:6,Main
FNDA:41,(anonymous_1)
FNDA:0,(anonymous_2)
FNDA:41,(anonymous_3)
FNDA:0,(anonymous_4)
FNDA:41,(anonymous_5)
FNDA:0,(anonymous_6)
FNDA:0,(anonymous_7)
FNDA:1,(anonymous_8)
DA:1,2
DA:2,2
DA:14,6
DA:15,6
DA:16,6
DA:17,6
DA:19,6
DA:20,41
DA:21,0
DA:22,0
DA:24,41
DA:27,6
DA:28,6
DA:29,6
DA:34,41
DA:38,41
DA:52,0
DA:63,0
DA:70,1
DA:81,2
LF:20
LH:16
BRDA:20,0,0,0
BRDA:47,1,0,6
BRDA:47,1,1,0
BRDA:61,2,0,6
BRDA:61,2,1,5
BRF:5
BRH:3
end_of_record
TN:
SF:src\components\notfound\NotFound.tsx
FN:1,NotFound
FNF:1
FNH:0
FNDA:0,NotFound
DA:2,0
DA:5,1
LF:2
LH:1
BRF:0
BRH:0
end_of_record
